Started by user Subhasri Padhy
Running as SYSTEM
Building in workspace C:\Users\sushi\.jenkins\workspace\newmanTest1
[newmanTest1] $ sh -xe C:\Users\sushi\AppData\Local\Temp\jenkins107479816975051272.sh
The system cannot find the file specified
FATAL: command execution failed
java.io.IOException: CreateProcess error=2, The system cannot find the file specified
	at java.base/java.lang.ProcessImpl.create(Native Method)
	at java.base/java.lang.ProcessImpl.<init>(ProcessImpl.java:506)
	at java.base/java.lang.ProcessImpl.start(ProcessImpl.java:159)
	at java.base/java.lang.ProcessBuilder.start(ProcessBuilder.java:1126)
Caused: java.io.IOException: Cannot run program "sh" (in directory "C:\Users\sushi\.jenkins\workspace\newmanTest1"): CreateProcess error=2, The system cannot find the file specified
	at java.base/java.lang.ProcessBuilder.start(ProcessBuilder.java:1170)
	at java.base/java.lang.ProcessBuilder.start(ProcessBuilder.java:1089)
	at hudson.Proc$LocalProc.<init>(Proc.java:252)
	at hudson.Proc$LocalProc.<init>(Proc.java:221)
	at hudson.Launcher$LocalLauncher.launch(Launcher.java:995)
	at hudson.Launcher$ProcStarter.start(Launcher.java:507)
	at hudson.tasks.CommandInterpreter.perform(CommandInterpreter.java:144)
	at hudson.tasks.CommandInterpreter.perform(CommandInterpreter.java:92)
	at hudson.tasks.BuildStepMonitor$1.perform(BuildStepMonitor.java:20)
	at hudson.model.AbstractBuild$AbstractBuildExecution.perform(AbstractBuild.java:818)
	at hudson.model.Build$BuildExecution.build(Build.java:199)
	at hudson.model.Build$BuildExecution.doRun(Build.java:164)
	at hudson.model.AbstractBuild$AbstractBuildExecution.run(AbstractBuild.java:527)
	at hudson.model.Run.execute(Run.java:1833)
	at hudson.model.FreeStyleBuild.run(FreeStyleBuild.java:44)
	at hudson.model.ResourceController.execute(ResourceController.java:101)
	at hudson.model.Executor.run(Executor.java:446)
Build step 'Execute shell' marked build as failure
[htmlpublisher] Archiving HTML reports...
[htmlpublisher] Archiving at PROJECT level C:\Users\sushi\.jenkins\workspace\newmanTest1\newman to C:\Users\sushi\.jenkins\jobs\newmanTest1\htmlreports\newman_20HTML_20Report
ERROR: Specified HTML directory 'C:\Users\sushi\.jenkins\workspace\newmanTest1\newman' does not exist.
Finished: FAILURE